<?xml version="1.0" encoding="UTF-8"?>
<!-- Generated by org.testng.reporters.JUnitXMLReporter -->
<testsuite hostname="SuthanthiraDevi" ignored="0" name="Can Generation Test Cases" tests="10" failures="4" timestamp="07 Dec 2018 10:30:12 GMT" time="244.564" errors="0">
  <testcase name="can_frm_test" time="1.464" classname="testcases.Home_Test"/>
  <testcase name="Ser_link_Test" time="0.061" classname="testcases.Prcd_Home_Test">
    <failure type="org.openqa.selenium.WebDriverException" message="unknown error: Element &amp;lt;input id=&amp;quot;form1:j_id1148295558_11cd0f9c&amp;quot; name=&amp;quot;form1:j_id1148295558_11cd0f9c&amp;quot; type=&amp;quot;submit&amp;quot; value=&amp;quot;Proceed&amp;quot; onclick=&amp;quot;jsf.util.chain(document.getElementById(&amp;apos;form1:j_id1148295558_11cd0f9c&amp;apos;), event,&amp;apos;return(disableButton(this.id));;&amp;apos;, &amp;apos;jsf.ajax.request(\&amp;apos;form1:j_id1148295558_11cd0f9c\&amp;apos;,event,{execute:\&amp;apos;form1:serId\&amp;apos;,\&amp;apos;javax.faces.behavior.event\&amp;apos;:\&amp;apos;action\&amp;apos;})&amp;apos;, &amp;apos;RichFaces.ui.ComponentControl.execute(event,{&amp;amp;quot;target&amp;amp;quot;:[&amp;amp;quot;popup&amp;amp;quot;] ,&amp;amp;quot;callback&amp;amp;quot;:function(event,component){component[\&amp;apos;show\&amp;apos;].apply(component,[] );},&amp;amp;quot;selector&amp;amp;quot;:null} ); return false;&amp;apos;); return false;&amp;quot; class=&amp;quot;button_example&amp;quot; tabindex=&amp;quot;-1&amp;quot; accesskey=&amp;quot;&amp;quot;&amp;gt; is not clickable at point (788, 598). Other element would receive the click: &amp;lt;div class=&amp;quot;rf-pp-shade&amp;quot; id=&amp;quot;popup_shade&amp;quot; style=&amp;quot;z-index:100;&amp;quot;&amp;gt;...&amp;lt;/div&amp;gt;
  (Session info: chrome=70.0.3538.110)
  (Driver info: chromedriver=2.43.600210 (68dcf5eebde37173d4027fa8635e332711d2874a),platform=Windows NT 10.0.16299 x86_64) (WARNING: The server did not provide any stacktrace information)
Command duration or timeout: 0 milliseconds
Build info: version: &amp;apos;3.11.0&amp;apos;, revision: &amp;apos;e59cfb3&amp;apos;, time: &amp;apos;2018-03-11T20:26:55.152Z&amp;apos;
System info: host: &amp;apos;SUTHANTHIRADEVI&amp;apos;, ip: &amp;apos;172.19.4.240&amp;apos;, os.name: &amp;apos;Windows 10&amp;apos;, os.arch: &amp;apos;amd64&amp;apos;, os.version: &amp;apos;10.0&amp;apos;, java.version: &amp;apos;1.8.0_171&amp;apos;
Driver info: org.openqa.selenium.chrome.ChromeDriver
Capabilities {acceptInsecureCerts: false, acceptSslCerts: false, applicationCacheEnabled: false, browserConnectionEnabled: false, browserName: chrome, chrome: {chromedriverVersion: 2.43.600210 (68dcf5eebde371..., userDataDir: C:\Users\SUTHAN~1\AppData\L...}, cssSelectorsEnabled: true, databaseEnabled: false, goog:chromeOptions: {debuggerAddress: localhost:64065}, handlesAlerts: true, hasTouchScreen: false, javascriptEnabled: true, locationContextEnabled: true, mobileEmulationEnabled: false, nativeEvents: true, networkConnectionEnabled: false, pageLoadStrategy: normal, platform: XP, platformName: XP, rotatable: false, setWindowRect: true, takesHeapSnapshot: true, takesScreenshot: true, unexpectedAlertBehaviour: , unhandledPromptBehavior: , version: 70.0.3538.110, webStorageEnabled: true}
Session ID: 34b652ccbf4e5a2c1bf2eb995b1bf717">
      <![CDATA[org.openqa.selenium.WebDriverException: unknown error: Element <input id="form1:j_id1148295558_11cd0f9c" name="form1:j_id1148295558_11cd0f9c" type="submit" value="Proceed" onclick="jsf.util.chain(document.getElementById('form1:j_id1148295558_11cd0f9c'), event,'return(disableButton(this.id));;', 'jsf.ajax.request(\'form1:j_id1148295558_11cd0f9c\',event,{execute:\'form1:serId\',\'javax.faces.behavior.event\':\'action\'})', 'RichFaces.ui.ComponentControl.execute(event,{&quot;target&quot;:[&quot;popup&quot;] ,&quot;callback&quot;:function(event,component){component[\'show\'].apply(component,[] );},&quot;selector&quot;:null} ); return false;'); return false;" class="button_example" tabindex="-1" accesskey=""> is not clickable at point (788, 598). Other element would receive the click: <div class="rf-pp-shade" id="popup_shade" style="z-index:100;">...</div>
  (Session info: chrome=70.0.3538.110)
  (Driver info: chromedriver=2.43.600210 (68dcf5eebde37173d4027fa8635e332711d2874a),platform=Windows NT 10.0.16299 x86_64) (WARNING: The server did not provide any stacktrace information)
Command duration or timeout: 0 milliseconds
Build info: version: '3.11.0', revision: 'e59cfb3', time: '2018-03-11T20:26:55.152Z'
System info: host: 'SUTHANTHIRADEVI', ip: '172.19.4.240', os.name: 'Windows 10', os.arch: 'amd64', os.version: '10.0', java.version: '1.8.0_171'
Driver info: org.openqa.selenium.chrome.ChromeDriver
Capabilities {acceptInsecureCerts: false, acceptSslCerts: false, applicationCacheEnabled: false, browserConnectionEnabled: false, browserName: chrome, chrome: {chromedriverVersion: 2.43.600210 (68dcf5eebde371..., userDataDir: C:\Users\SUTHAN~1\AppData\L...}, cssSelectorsEnabled: true, databaseEnabled: false, goog:chromeOptions: {debuggerAddress: localhost:64065}, handlesAlerts: true, hasTouchScreen: false, javascriptEnabled: true, locationContextEnabled: true, mobileEmulationEnabled: false, nativeEvents: true, networkConnectionEnabled: false, pageLoadStrategy: normal, platform: XP, platformName: XP, rotatable: false, setWindowRect: true, takesHeapSnapshot: true, takesScreenshot: true, unexpectedAlertBehaviour: , unhandledPromptBehavior: , version: 70.0.3538.110, webStorageEnabled: true}
Session ID: 34b652ccbf4e5a2c1bf2eb995b1bf717
	at org.openqa.selenium.remote.ErrorHandler.createThrowable(ErrorHandler.java:214)
	at org.openqa.selenium.remote.ErrorHandler.throwIfResponseFailed(ErrorHandler.java:166)
	at org.openqa.selenium.remote.http.JsonHttpResponseCodec.reconstructValue(JsonHttpResponseCodec.java:40)
	at org.openqa.selenium.remote.http.AbstractHttpResponseCodec.decode(AbstractHttpResponseCodec.java:80)
	at org.openqa.selenium.remote.http.AbstractHttpResponseCodec.decode(AbstractHttpResponseCodec.java:44)
	at org.openqa.selenium.remote.HttpCommandExecutor.execute(HttpCommandExecutor.java:158)
	at org.openqa.selenium.remote.service.DriverCommandExecutor.execute(DriverCommandExecutor.java:83)
	at org.openqa.selenium.remote.RemoteWebDriver.execute(RemoteWebDriver.java:545)
	at org.openqa.selenium.remote.RemoteWebElement.execute(RemoteWebElement.java:279)
	at org.openqa.selenium.remote.RemoteWebElement.click(RemoteWebElement.java:83)
	at org.openqa.selenium.support.pagefactory.internal.LocatingElementHandler.invoke(LocatingElementHandler.java:51)
	at com.sun.proxy.$Proxy12.click(Unknown Source)
	at Allpages.Service_Home.Prcd_Btn(Service_Home.java:27)
	at testcases.Prcd_Home_Test.Ser_link_Test(Prcd_Home_Test.java:49)
... Removed 32 stack frames]]>
    </failure>
  </testcase> <!-- Ser_link_Test -->
  <testcase name="Ser_link_Test" time="0.109" classname="testcases.Service_Home_Test"/>
  <testcase name="can_frm_test" time="112.462" classname="testcases.Can_Test"/>
  <testcase name="Title_Check" time="0.034" classname="testcases.Log_in_Test">
    <failure type="java.lang.AssertionError" message="expected [Tamil Nadu e-Districdt] but found [Tamil Nadu e-District]">
      <![CDATA[java.lang.AssertionError: expected [Tamil Nadu e-Districdt] but found [Tamil Nadu e-District]
	at testcases.Log_in_Test.Title_Check(Log_in_Test.java:81)
... Removed 31 stack frames]]>
    </failure>
  </testcase> <!-- Title_Check -->
  <testcase name="homepage_logo_Test" time="1.624" classname="testcases.Home_Test"/>
  <testcase name="Service_home_header_Test" time="0.063" classname="testcases.Prcd_Home_Test">
    <failure type="java.lang.AssertionError" message="expected [Instructions for applying  Temporary Crackers License] but found [Instructions for applying Temporary Crackers License]">
      <![CDATA[java.lang.AssertionError: expected [Instructions for applying  Temporary Crackers License] but found [Instructions for applying Temporary Crackers License]
	at testcases.Prcd_Home_Test.Service_home_header_Test(Prcd_Home_Test.java:43)
... Removed 31 stack frames]]>
    </failure>
  </testcase> <!-- Service_home_header_Test -->
  <testcase name="Service_home_header_Test" time="0.039" classname="testcases.Service_Home_Test">
    <failure type="java.lang.AssertionError" message="expected [Instructions for applying  Temporary Crackers License] but found [Instructions for applying Temporary Crackers License]">
      <![CDATA[java.lang.AssertionError: expected [Instructions for applying  Temporary Crackers License] but found [Instructions for applying Temporary Crackers License]
	at testcases.Service_Home_Test.Service_home_header_Test(Service_Home_Test.java:39)
... Removed 31 stack frames]]>
    </failure>
  </testcase> <!-- Service_home_header_Test -->
  <testcase name="logotest" time="0.047" classname="testcases.Log_in_Test"/>
  <testcase name="login" time="5.417" classname="testcases.Log_in_Test"/>
</testsuite> <!-- Can Generation Test Cases -->
