<!DOCTYPE html PUBLIC "-//W3C//DTD XHTML 1.1//EN" "http://www.w3.org/TR/xhtml11/DTD/xhtml11.dtd">
<html xmlns="http://www.w3.org/1999/xhtml"><head><title>TestNG Report</title><style type="text/css">table {margin-bottom:10px;border-collapse:collapse;empty-cells:show}th,td {border:1px solid #009;padding:.25em .5em}th {vertical-align:bottom}td {vertical-align:top}table a {font-weight:bold}.stripe td {background-color: #E6EBF9}.num {text-align:right}.passedodd td {background-color: #3F3}.passedeven td {background-color: #0A0}.skippedodd td {background-color: #DDD}.skippedeven td {background-color: #CCC}.failedodd td,.attn {background-color: #F33}.failedeven td,.stripe .attn {background-color: #D00}.stacktrace {white-space:pre;font-family:monospace}.totop {font-size:85%;text-align:center;border-bottom:2px solid #000}</style></head><body><table><tr><th>Test</th><th># Passed</th><th># Skipped</th><th># Failed</th><th>Time (ms)</th><th>Included Groups</th><th>Excluded Groups</th></tr><tr><th colspan="7">com.qa.canGen Test Automation Test Suite</th></tr><tr><td><a href="#t0">Can Generation Test Cases</a></td><td class="num">6</td><td class="num">0</td><td class="num attn">4</td><td class="num">244,564</td><td></td><td></td></tr></table><table id='summary'><thead><tr><th>Class</th><th>Method</th><th>Start</th><th>Time (ms)</th></tr></thead><tbody><tr><th colspan="4">com.qa.canGen Test Automation Test Suite</th></tr></tbody><tbody id="t0"><tr><th colspan="4">Can Generation Test Cases &#8212; failed</th></tr><tr class="failedeven"><td rowspan="1">testcases.Log_in_Test</td><td><a href="#m0">Title_Check</a></td><td rowspan="1">1544178548739</td><td rowspan="1">34</td></tr><tr class="failedodd"><td rowspan="2">testcases.Prcd_Home_Test</td><td><a href="#m1">Ser_link_Test</a></td><td rowspan="1">1544178393612</td><td rowspan="1">61</td></tr><tr class="failedodd"><td><a href="#m2">Service_home_header_Test</a></td><td rowspan="1">1544178575167</td><td rowspan="1">63</td></tr><tr class="failedeven"><td rowspan="1">testcases.Service_Home_Test</td><td><a href="#m3">Service_home_header_Test</a></td><td rowspan="1">1544178587547</td><td rowspan="1">39</td></tr><tr><th colspan="4">Can Generation Test Cases &#8212; passed</th></tr><tr class="passedeven"><td rowspan="1">testcases.Can_Test</td><td><a href="#m4">can_frm_test</a></td><td rowspan="1">1544178427588</td><td rowspan="1">112462</td></tr><tr class="passedodd"><td rowspan="2">testcases.Home_Test</td><td><a href="#m5">can_frm_test</a></td><td rowspan="1">1544178379829</td><td rowspan="1">1464</td></tr><tr class="passedodd"><td><a href="#m6">homepage_logo_Test</a></td><td rowspan="1">1544178560278</td><td rowspan="1">1624</td></tr><tr class="passedeven"><td rowspan="2">testcases.Log_in_Test</td><td><a href="#m7">login</a></td><td rowspan="1">1544178605636</td><td rowspan="1">5417</td></tr><tr class="passedeven"><td><a href="#m8">logotest</a></td><td rowspan="1">1544178595032</td><td rowspan="1">47</td></tr><tr class="passedodd"><td rowspan="1">testcases.Service_Home_Test</td><td><a href="#m9">Ser_link_Test</a></td><td rowspan="1">1544178409612</td><td rowspan="1">109</td></tr></tbody></table><h2>Can Generation Test Cases</h2><h3 id="m0">testcases.Log_in_Test#Title_Check</h3><table class="result"><tr><th>Exception</th></tr><tr><td><div class="stacktrace">java.lang.AssertionError: expected [Tamil Nadu e-Districdt] but found [Tamil Nadu e-District]
	at testcases.Log_in_Test.Title_Check(Log_in_Test.java:81)
... Removed 31 stack frames</div></td></tr></table><p class="totop"><a href="#summary">back to summary</a></p><h3 id="m1">testcases.Prcd_Home_Test#Ser_link_Test</h3><table class="result"><tr><th>Exception</th></tr><tr><td><div class="stacktrace">org.openqa.selenium.WebDriverException: unknown error: Element &lt;input id=&quot;form1:j_id1148295558_11cd0f9c&quot; name=&quot;form1:j_id1148295558_11cd0f9c&quot; type=&quot;submit&quot; value=&quot;Proceed&quot; onclick=&quot;jsf.util.chain(document.getElementById(&apos;form1:j_id1148295558_11cd0f9c&apos;), event,&apos;return(disableButton(this.id));;&apos;, &apos;jsf.ajax.request(\&apos;form1:j_id1148295558_11cd0f9c\&apos;,event,{execute:\&apos;form1:serId\&apos;,\&apos;javax.faces.behavior.event\&apos;:\&apos;action\&apos;})&apos;, &apos;RichFaces.ui.ComponentControl.execute(event,{&amp;quot;target&amp;quot;:[&amp;quot;popup&amp;quot;] ,&amp;quot;callback&amp;quot;:function(event,component){component[\&apos;show\&apos;].apply(component,[] );},&amp;quot;selector&amp;quot;:null} ); return false;&apos;); return false;&quot; class=&quot;button_example&quot; tabindex=&quot;-1&quot; accesskey=&quot;&quot;&gt; is not clickable at point (788, 598). Other element would receive the click: &lt;div class=&quot;rf-pp-shade&quot; id=&quot;popup_shade&quot; style=&quot;z-index:100;&quot;&gt;...&lt;/div&gt;
  (Session info: chrome=70.0.3538.110)
  (Driver info: chromedriver=2.43.600210 (68dcf5eebde37173d4027fa8635e332711d2874a),platform=Windows NT 10.0.16299 x86_64) (WARNING: The server did not provide any stacktrace information)
Command duration or timeout: 0 milliseconds
Build info: version: &apos;3.11.0&apos;, revision: &apos;e59cfb3&apos;, time: &apos;2018-03-11T20:26:55.152Z&apos;
System info: host: &apos;SUTHANTHIRADEVI&apos;, ip: &apos;172.19.4.240&apos;, os.name: &apos;Windows 10&apos;, os.arch: &apos;amd64&apos;, os.version: &apos;10.0&apos;, java.version: &apos;1.8.0_171&apos;
Driver info: org.openqa.selenium.chrome.ChromeDriver
Capabilities {acceptInsecureCerts: false, acceptSslCerts: false, applicationCacheEnabled: false, browserConnectionEnabled: false, browserName: chrome, chrome: {chromedriverVersion: 2.43.600210 (68dcf5eebde371..., userDataDir: C:\Users\SUTHAN~1\AppData\L...}, cssSelectorsEnabled: true, databaseEnabled: false, goog:chromeOptions: {debuggerAddress: localhost:64065}, handlesAlerts: true, hasTouchScreen: false, javascriptEnabled: true, locationContextEnabled: true, mobileEmulationEnabled: false, nativeEvents: true, networkConnectionEnabled: false, pageLoadStrategy: normal, platform: XP, platformName: XP, rotatable: false, setWindowRect: true, takesHeapSnapshot: true, takesScreenshot: true, unexpectedAlertBehaviour: , unhandledPromptBehavior: , version: 70.0.3538.110, webStorageEnabled: true}
Session ID: 34b652ccbf4e5a2c1bf2eb995b1bf717
	at org.openqa.selenium.remote.ErrorHandler.createThrowable(ErrorHandler.java:214)
	at org.openqa.selenium.remote.ErrorHandler.throwIfResponseFailed(ErrorHandler.java:166)
	at org.openqa.selenium.remote.http.JsonHttpResponseCodec.reconstructValue(JsonHttpResponseCodec.java:40)
	at org.openqa.selenium.remote.http.AbstractHttpResponseCodec.decode(AbstractHttpResponseCodec.java:80)
	at org.openqa.selenium.remote.http.AbstractHttpResponseCodec.decode(AbstractHttpResponseCodec.java:44)
	at org.openqa.selenium.remote.HttpCommandExecutor.execute(HttpCommandExecutor.java:158)
	at org.openqa.selenium.remote.service.DriverCommandExecutor.execute(DriverCommandExecutor.java:83)
	at org.openqa.selenium.remote.RemoteWebDriver.execute(RemoteWebDriver.java:545)
	at org.openqa.selenium.remote.RemoteWebElement.execute(RemoteWebElement.java:279)
	at org.openqa.selenium.remote.RemoteWebElement.click(RemoteWebElement.java:83)
	at org.openqa.selenium.support.pagefactory.internal.LocatingElementHandler.invoke(LocatingElementHandler.java:51)
	at com.sun.proxy.$Proxy12.click(Unknown Source)
	at Allpages.Service_Home.Prcd_Btn(Service_Home.java:27)
	at testcases.Prcd_Home_Test.Ser_link_Test(Prcd_Home_Test.java:49)
... Removed 32 stack frames</div></td></tr></table><p class="totop"><a href="#summary">back to summary</a></p><h3 id="m2">testcases.Prcd_Home_Test#Service_home_header_Test</h3><table class="result"><tr><th>Exception</th></tr><tr><td><div class="stacktrace">java.lang.AssertionError: expected [Instructions for applying  Temporary Crackers License] but found [Instructions for applying Temporary Crackers License]
	at testcases.Prcd_Home_Test.Service_home_header_Test(Prcd_Home_Test.java:43)
... Removed 31 stack frames</div></td></tr></table><p class="totop"><a href="#summary">back to summary</a></p><h3 id="m3">testcases.Service_Home_Test#Service_home_header_Test</h3><table class="result"><tr><th>Exception</th></tr><tr><td><div class="stacktrace">java.lang.AssertionError: expected [Instructions for applying  Temporary Crackers License] but found [Instructions for applying Temporary Crackers License]
	at testcases.Service_Home_Test.Service_home_header_Test(Service_Home_Test.java:39)
... Removed 31 stack frames</div></td></tr></table><p class="totop"><a href="#summary">back to summary</a></p><h3 id="m4">testcases.Can_Test#can_frm_test</h3><table class="result"><tr class="param"><th>Parameter #1</th><th>Parameter #2</th><th>Parameter #3</th><th>Parameter #4</th><th>Parameter #5</th><th>Parameter #6</th><th>Parameter #7</th><th>Parameter #8</th><th>Parameter #9</th><th>Parameter #10</th><th>Parameter #11</th><th>Parameter #12</th><th>Parameter #13</th><th>Parameter #14</th><th>Parameter #15</th><th>Parameter #16</th><th>Parameter #17</th><th>Parameter #18</th><th>Parameter #19</th><th>Parameter #20</th></tr><tr class="param stripe"><td>796987478955</td><td>Thiru </td><td>Male</td><td>Rahuman</td><td>Married</td><td>25/10/1992</td><td>Father</td><td>Ali</td><td>Bathima</td><td>Muslim</td><td>BC Muslim</td><td>Clerical </td><td>Dharmapuri</td><td>Dharmapuri</td><td>Kuppur</td><td>north</td><td>north</td><td>110</td><td>622301</td><td>9677112495</td></tr></table><p class="totop"><a href="#summary">back to summary</a></p><h3 id="m5">testcases.Home_Test#can_frm_test</h3><table class="result"></table><p class="totop"><a href="#summary">back to summary</a></p><h3 id="m6">testcases.Home_Test#homepage_logo_Test</h3><table class="result"></table><p class="totop"><a href="#summary">back to summary</a></p><h3 id="m7">testcases.Log_in_Test#login</h3><table class="result"></table><p class="totop"><a href="#summary">back to summary</a></p><h3 id="m8">testcases.Log_in_Test#logotest</h3><table class="result"></table><p class="totop"><a href="#summary">back to summary</a></p><h3 id="m9">testcases.Service_Home_Test#Ser_link_Test</h3><table class="result"></table><p class="totop"><a href="#summary">back to summary</a></p></body></html>