<!DOCTYPE html>

<html>
  <head>
  <meta charset='utf-8'>
  <title>TestNG reports</title>

    <link type="text/css" href="testng-reports.css" rel="stylesheet" />
    <script type="text/javascript" src="jquery-1.7.1.min.js"></script>
    <script type="text/javascript" src="testng-reports.js"></script>
    <script type="text/javascript" src="https://www.google.com/jsapi"></script>
    <script type='text/javascript'>
      google.load('visualization', '1', {packages:['table']});
      google.setOnLoadCallback(drawTable);
      var suiteTableInitFunctions = new Array();
      var suiteTableData = new Array();
    </script>
    <!--
      <script type="text/javascript" src="jquery-ui/js/jquery-ui-1.8.16.custom.min.js"></script>
     -->
  </head>

  <body>
    <div class="top-banner-root">
      <span class="top-banner-title-font">Test results</span>
      <br/>
      <span class="top-banner-font-1">1 suite, 4 failed tests</span>
    </div> <!-- top-banner-root -->
    <div class="navigator-root">
      <div class="navigator-suite-header">
        <span>All suites</span>
        <a href="#" class="collapse-all-link" title="Collapse/expand all the suites">
          <img class="collapse-all-icon" src="collapseall.gif">
          </img> <!-- collapse-all-icon -->
        </a> <!-- collapse-all-link -->
      </div> <!-- navigator-suite-header -->
      <div class="suite">
        <div class="rounded-window">
          <div class="suite-header light-rounded-window-top">
            <a href="#" class="navigator-link" panel-name="suite-com.qa.canGen_Test_Automation_Test_Suite">
              <span class="suite-name border-failed">com.qa.canGen Test Automation Test Suite</span>
            </a> <!-- navigator-link -->
          </div> <!-- suite-header light-rounded-window-top -->
          <div class="navigator-suite-content">
            <div class="suite-section-title">
              <span>Info</span>
            </div> <!-- suite-section-title -->
            <div class="suite-section-content">
              <ul>
                <li>
                  <a href="#" class="navigator-link " panel-name="test-xml-com.qa.canGen_Test_Automation_Test_Suite">
                    <span>C:\Users\suthanthira_devi\workspace\com.qa.canGen\testng.xml</span>
                  </a> <!-- navigator-link  -->
                </li>
                <li>
                  <a href="#" class="navigator-link " panel-name="testlist-com.qa.canGen_Test_Automation_Test_Suite">
                    <span class="test-stats">1 test</span>
                  </a> <!-- navigator-link  -->
                </li>
                <li>
                  <a href="#" class="navigator-link " panel-name="group-com.qa.canGen_Test_Automation_Test_Suite">
                    <span>0 groups</span>
                  </a> <!-- navigator-link  -->
                </li>
                <li>
                  <a href="#" class="navigator-link " panel-name="times-com.qa.canGen_Test_Automation_Test_Suite">
                    <span>Times</span>
                  </a> <!-- navigator-link  -->
                </li>
                <li>
                  <a href="#" class="navigator-link " panel-name="reporter-com.qa.canGen_Test_Automation_Test_Suite">
                    <span>Reporter output</span>
                  </a> <!-- navigator-link  -->
                </li>
                <li>
                  <a href="#" class="navigator-link " panel-name="ignored-methods-com.qa.canGen_Test_Automation_Test_Suite">
                    <span>Ignored methods</span>
                  </a> <!-- navigator-link  -->
                </li>
                <li>
                  <a href="#" class="navigator-link " panel-name="chronological-com.qa.canGen_Test_Automation_Test_Suite">
                    <span>Chronological view</span>
                  </a> <!-- navigator-link  -->
                </li>
              </ul>
            </div> <!-- suite-section-content -->
            <div class="result-section">
              <div class="suite-section-title">
                <span>Results</span>
              </div> <!-- suite-section-title -->
              <div class="suite-section-content">
                <ul>
                  <li>
                    <span class="method-stats">10 methods, 4 failed,   6 passed</span>
                  </li>
                  <li>
                    <span class="method-list-title failed">Failed methods</span>
                    <span class="show-or-hide-methods failed">
                      <a href="#" panel-name="suite-com.qa.canGen_Test_Automation_Test_Suite" class="hide-methods failed suite-com.qa.canGen_Test_Automation_Test_Suite"> (hide)</a> <!-- hide-methods failed suite-com.qa.canGen_Test_Automation_Test_Suite -->
                      <a href="#" panel-name="suite-com.qa.canGen_Test_Automation_Test_Suite" class="show-methods failed suite-com.qa.canGen_Test_Automation_Test_Suite"> (show)</a> <!-- show-methods failed suite-com.qa.canGen_Test_Automation_Test_Suite -->
                    </span>
                    <div class="method-list-content failed suite-com.qa.canGen_Test_Automation_Test_Suite">
                      <span>
                        <img width="3%" src="failed.png"/>
                        <a href="#" class="method navigator-link" panel-name="suite-com.qa.canGen_Test_Automation_Test_Suite" title="testcases.Prcd_Home_Test" hash-for-method="Ser_link_Test">Ser_link_Test</a> <!-- method navigator-link -->
                      </span>
                      <br/>
                      <span>
                        <img width="3%" src="failed.png"/>
                        <a href="#" class="method navigator-link" panel-name="suite-com.qa.canGen_Test_Automation_Test_Suite" title="testcases.Service_Home_Test" hash-for-method="Service_home_header_Test">Service_home_header_Test</a> <!-- method navigator-link -->
                      </span>
                      <br/>
                      <span>
                        <img width="3%" src="failed.png"/>
                        <a href="#" class="method navigator-link" panel-name="suite-com.qa.canGen_Test_Automation_Test_Suite" title="testcases.Prcd_Home_Test" hash-for-method="Service_home_header_Test">Service_home_header_Test</a> <!-- method navigator-link -->
                      </span>
                      <br/>
                      <span>
                        <img width="3%" src="failed.png"/>
                        <a href="#" class="method navigator-link" panel-name="suite-com.qa.canGen_Test_Automation_Test_Suite" title="testcases.Log_in_Test" hash-for-method="Title_Check">Title_Check</a> <!-- method navigator-link -->
                      </span>
                      <br/>
                    </div> <!-- method-list-content failed suite-com.qa.canGen_Test_Automation_Test_Suite -->
                  </li>
                  <li>
                    <span class="method-list-title passed">Passed methods</span>
                    <span class="show-or-hide-methods passed">
                      <a href="#" panel-name="suite-com.qa.canGen_Test_Automation_Test_Suite" class="hide-methods passed suite-com.qa.canGen_Test_Automation_Test_Suite"> (hide)</a> <!-- hide-methods passed suite-com.qa.canGen_Test_Automation_Test_Suite -->
                      <a href="#" panel-name="suite-com.qa.canGen_Test_Automation_Test_Suite" class="show-methods passed suite-com.qa.canGen_Test_Automation_Test_Suite"> (show)</a> <!-- show-methods passed suite-com.qa.canGen_Test_Automation_Test_Suite -->
                    </span>
                    <div class="method-list-content passed suite-com.qa.canGen_Test_Automation_Test_Suite">
                      <span>
                        <img width="3%" src="passed.png"/>
                        <a href="#" class="method navigator-link" panel-name="suite-com.qa.canGen_Test_Automation_Test_Suite" title="testcases.Service_Home_Test" hash-for-method="Ser_link_Test">Ser_link_Test</a> <!-- method navigator-link -->
                      </span>
                      <br/>
                      <span>
                        <img width="3%" src="passed.png"/>
                        <a href="#" class="method navigator-link" panel-name="suite-com.qa.canGen_Test_Automation_Test_Suite" title="testcases.Can_Test" hash-for-method="can_frm_test(796987478955, Thiru , Male, Rahuman, Married, 25/10/1992, Father, Ali, Bathima, Muslim, BC Muslim, C...)">can_frm_test(796987478955, Thiru , Male, Rahuman, Married, 25/10/1992, Father, Ali, Bathima, Muslim, BC Muslim, C...)</a> <!-- method navigator-link -->
                      </span>
                      <br/>
                      <span>
                        <img width="3%" src="passed.png"/>
                        <a href="#" class="method navigator-link" panel-name="suite-com.qa.canGen_Test_Automation_Test_Suite" title="testcases.Home_Test" hash-for-method="can_frm_test">can_frm_test</a> <!-- method navigator-link -->
                      </span>
                      <br/>
                      <span>
                        <img width="3%" src="passed.png"/>
                        <a href="#" class="method navigator-link" panel-name="suite-com.qa.canGen_Test_Automation_Test_Suite" title="testcases.Home_Test" hash-for-method="homepage_logo_Test">homepage_logo_Test</a> <!-- method navigator-link -->
                      </span>
                      <br/>
                      <span>
                        <img width="3%" src="passed.png"/>
                        <a href="#" class="method navigator-link" panel-name="suite-com.qa.canGen_Test_Automation_Test_Suite" title="testcases.Log_in_Test" hash-for-method="login">login</a> <!-- method navigator-link -->
                      </span>
                      <br/>
                      <span>
                        <img width="3%" src="passed.png"/>
                        <a href="#" class="method navigator-link" panel-name="suite-com.qa.canGen_Test_Automation_Test_Suite" title="testcases.Log_in_Test" hash-for-method="logotest">logotest</a> <!-- method navigator-link -->
                      </span>
                      <br/>
                    </div> <!-- method-list-content passed suite-com.qa.canGen_Test_Automation_Test_Suite -->
                  </li>
                </ul>
              </div> <!-- suite-section-content -->
            </div> <!-- result-section -->
          </div> <!-- navigator-suite-content -->
        </div> <!-- rounded-window -->
      </div> <!-- suite -->
    </div> <!-- navigator-root -->
    <div class="wrapper">
      <div class="main-panel-root">
        <div panel-name="suite-com.qa.canGen_Test_Automation_Test_Suite" class="panel com.qa.canGen_Test_Automation_Test_Suite">
          <div class="suite-com.qa.canGen_Test_Automation_Test_Suite-class-failed">
            <div class="main-panel-header rounded-window-top">
              <img src="failed.png"/>
              <span class="class-name">testcases.Service_Home_Test</span>
            </div> <!-- main-panel-header rounded-window-top -->
            <div class="main-panel-content rounded-window-bottom">
              <div class="method">
                <div class="method-content">
                  <a name="Service_home_header_Test">
                  </a> <!-- Service_home_header_Test -->
                  <span class="method-name">Service_home_header_Test</span>
                  <div class="stack-trace">java.lang.AssertionError: expected [Instructions for applying  Temporary Crackers License] but found [Instructions for applying Temporary Crackers License]
	at testcases.Service_Home_Test.Service_home_header_Test(Service_Home_Test.java:39)
... Removed 31 stack frames
</div> <!-- stack-trace -->
                </div> <!-- method-content -->
              </div> <!-- method -->
            </div> <!-- main-panel-content rounded-window-bottom -->
          </div> <!-- suite-com.qa.canGen_Test_Automation_Test_Suite-class-failed -->
          <div class="suite-com.qa.canGen_Test_Automation_Test_Suite-class-failed">
            <div class="main-panel-header rounded-window-top">
              <img src="failed.png"/>
              <span class="class-name">testcases.Prcd_Home_Test</span>
            </div> <!-- main-panel-header rounded-window-top -->
            <div class="main-panel-content rounded-window-bottom">
              <div class="method">
                <div class="method-content">
                  <a name="Ser_link_Test">
                  </a> <!-- Ser_link_Test -->
                  <span class="method-name">Ser_link_Test</span>
                  <div class="stack-trace">org.openqa.selenium.WebDriverException: unknown error: Element &lt;input id=&quot;form1:j_id1148295558_11cd0f9c&quot; name=&quot;form1:j_id1148295558_11cd0f9c&quot; type=&quot;submit&quot; value=&quot;Proceed&quot; onclick=&quot;jsf.util.chain(document.getElementById(&apos;form1:j_id1148295558_11cd0f9c&apos;), event,&apos;return(disableButton(this.id));;&apos;, &apos;jsf.ajax.request(\&apos;form1:j_id1148295558_11cd0f9c\&apos;,event,{execute:\&apos;form1:serId\&apos;,\&apos;javax.faces.behavior.event\&apos;:\&apos;action\&apos;})&apos;, &apos;RichFaces.ui.ComponentControl.execute(event,{&amp;quot;target&amp;quot;:[&amp;quot;popup&amp;quot;] ,&amp;quot;callback&amp;quot;:function(event,component){component[\&apos;show\&apos;].apply(component,[] );},&amp;quot;selector&amp;quot;:null} ); return false;&apos;); return false;&quot; class=&quot;button_example&quot; tabindex=&quot;-1&quot; accesskey=&quot;&quot;&gt; is not clickable at point (788, 598). Other element would receive the click: &lt;div class=&quot;rf-pp-shade&quot; id=&quot;popup_shade&quot; style=&quot;z-index:100;&quot;&gt;...&lt;/div&gt;
  (Session info: chrome=70.0.3538.110)
  (Driver info: chromedriver=2.43.600210 (68dcf5eebde37173d4027fa8635e332711d2874a),platform=Windows NT 10.0.16299 x86_64) (WARNING: The server did not provide any stacktrace information)
Command duration or timeout: 0 milliseconds
Build info: version: &apos;3.11.0&apos;, revision: &apos;e59cfb3&apos;, time: &apos;2018-03-11T20:26:55.152Z&apos;
System info: host: &apos;SUTHANTHIRADEVI&apos;, ip: &apos;172.19.4.240&apos;, os.name: &apos;Windows 10&apos;, os.arch: &apos;amd64&apos;, os.version: &apos;10.0&apos;, java.version: &apos;1.8.0_171&apos;
Driver info: org.openqa.selenium.chrome.ChromeDriver
Capabilities {acceptInsecureCerts: false, acceptSslCerts: false, applicationCacheEnabled: false, browserConnectionEnabled: false, browserName: chrome, chrome: {chromedriverVersion: 2.43.600210 (68dcf5eebde371..., userDataDir: C:\Users\SUTHAN~1\AppData\L...}, cssSelectorsEnabled: true, databaseEnabled: false, goog:chromeOptions: {debuggerAddress: localhost:64065}, handlesAlerts: true, hasTouchScreen: false, javascriptEnabled: true, locationContextEnabled: true, mobileEmulationEnabled: false, nativeEvents: true, networkConnectionEnabled: false, pageLoadStrategy: normal, platform: XP, platformName: XP, rotatable: false, setWindowRect: true, takesHeapSnapshot: true, takesScreenshot: true, unexpectedAlertBehaviour: , unhandledPromptBehavior: , version: 70.0.3538.110, webStorageEnabled: true}
Session ID: 34b652ccbf4e5a2c1bf2eb995b1bf717
	at org.openqa.selenium.remote.ErrorHandler.createThrowable(ErrorHandler.java:214)
	at org.openqa.selenium.remote.ErrorHandler.throwIfResponseFailed(ErrorHandler.java:166)
	at org.openqa.selenium.remote.http.JsonHttpResponseCodec.reconstructValue(JsonHttpResponseCodec.java:40)
	at org.openqa.selenium.remote.http.AbstractHttpResponseCodec.decode(AbstractHttpResponseCodec.java:80)
	at org.openqa.selenium.remote.http.AbstractHttpResponseCodec.decode(AbstractHttpResponseCodec.java:44)
	at org.openqa.selenium.remote.HttpCommandExecutor.execute(HttpCommandExecutor.java:158)
	at org.openqa.selenium.remote.service.DriverCommandExecutor.execute(DriverCommandExecutor.java:83)
	at org.openqa.selenium.remote.RemoteWebDriver.execute(RemoteWebDriver.java:545)
	at org.openqa.selenium.remote.RemoteWebElement.execute(RemoteWebElement.java:279)
	at org.openqa.selenium.remote.RemoteWebElement.click(RemoteWebElement.java:83)
	at org.openqa.selenium.support.pagefactory.internal.LocatingElementHandler.invoke(LocatingElementHandler.java:51)
	at com.sun.proxy.$Proxy12.click(Unknown Source)
	at Allpages.Service_Home.Prcd_Btn(Service_Home.java:27)
	at testcases.Prcd_Home_Test.Ser_link_Test(Prcd_Home_Test.java:49)
... Removed 32 stack frames
</div> <!-- stack-trace -->
                </div> <!-- method-content -->
              </div> <!-- method -->
              <div class="method">
                <div class="method-content">
                  <a name="Service_home_header_Test">
                  </a> <!-- Service_home_header_Test -->
                  <span class="method-name">Service_home_header_Test</span>
                  <div class="stack-trace">java.lang.AssertionError: expected [Instructions for applying  Temporary Crackers License] but found [Instructions for applying Temporary Crackers License]
	at testcases.Prcd_Home_Test.Service_home_header_Test(Prcd_Home_Test.java:43)
... Removed 31 stack frames
</div> <!-- stack-trace -->
                </div> <!-- method-content -->
              </div> <!-- method -->
            </div> <!-- main-panel-content rounded-window-bottom -->
          </div> <!-- suite-com.qa.canGen_Test_Automation_Test_Suite-class-failed -->
          <div class="suite-com.qa.canGen_Test_Automation_Test_Suite-class-failed">
            <div class="main-panel-header rounded-window-top">
              <img src="failed.png"/>
              <span class="class-name">testcases.Log_in_Test</span>
            </div> <!-- main-panel-header rounded-window-top -->
            <div class="main-panel-content rounded-window-bottom">
              <div class="method">
                <div class="method-content">
                  <a name="Title_Check">
                  </a> <!-- Title_Check -->
                  <span class="method-name">Title_Check</span>
                  <div class="stack-trace">java.lang.AssertionError: expected [Tamil Nadu e-Districdt] but found [Tamil Nadu e-District]
	at testcases.Log_in_Test.Title_Check(Log_in_Test.java:81)
... Removed 31 stack frames
</div> <!-- stack-trace -->
                </div> <!-- method-content -->
              </div> <!-- method -->
            </div> <!-- main-panel-content rounded-window-bottom -->
          </div> <!-- suite-com.qa.canGen_Test_Automation_Test_Suite-class-failed -->
          <div class="suite-com.qa.canGen_Test_Automation_Test_Suite-class-passed">
            <div class="main-panel-header rounded-window-top">
              <img src="passed.png"/>
              <span class="class-name">testcases.Can_Test</span>
            </div> <!-- main-panel-header rounded-window-top -->
            <div class="main-panel-content rounded-window-bottom">
              <div class="method">
                <div class="method-content">
                  <a name="can_frm_test(796987478955, Thiru , Male, Rahuman, Married, 25/10/1992, Father, Ali, Bathima, Muslim, BC Muslim, C...)">
                  </a> <!-- can_frm_test(796987478955, Thiru , Male, Rahuman, Married, 25/10/1992, Father, Ali, Bathima, Muslim, BC Muslim, C...) -->
                  <span class="method-name">can_frm_test</span>
                  <span class="parameters">(796987478955, Thiru , Male, Rahuman, Married, 25/10/1992, Father, Ali, Bathima, Muslim, BC Muslim, Clerical , Dharmapuri, Dharmapuri, Kuppur, north, north, 110, 622301, 9677112495)</span>
                </div> <!-- method-content -->
              </div> <!-- method -->
            </div> <!-- main-panel-content rounded-window-bottom -->
          </div> <!-- suite-com.qa.canGen_Test_Automation_Test_Suite-class-passed -->
          <div class="suite-com.qa.canGen_Test_Automation_Test_Suite-class-passed">
            <div class="main-panel-header rounded-window-top">
              <img src="passed.png"/>
              <span class="class-name">testcases.Service_Home_Test</span>
            </div> <!-- main-panel-header rounded-window-top -->
            <div class="main-panel-content rounded-window-bottom">
              <div class="method">
                <div class="method-content">
                  <a name="Ser_link_Test">
                  </a> <!-- Ser_link_Test -->
                  <span class="method-name">Ser_link_Test</span>
                </div> <!-- method-content -->
              </div> <!-- method -->
            </div> <!-- main-panel-content rounded-window-bottom -->
          </div> <!-- suite-com.qa.canGen_Test_Automation_Test_Suite-class-passed -->
          <div class="suite-com.qa.canGen_Test_Automation_Test_Suite-class-passed">
            <div class="main-panel-header rounded-window-top">
              <img src="passed.png"/>
              <span class="class-name">testcases.Home_Test</span>
            </div> <!-- main-panel-header rounded-window-top -->
            <div class="main-panel-content rounded-window-bottom">
              <div class="method">
                <div class="method-content">
                  <a name="can_frm_test">
                  </a> <!-- can_frm_test -->
                  <span class="method-name">can_frm_test</span>
                </div> <!-- method-content -->
              </div> <!-- method -->
              <div class="method">
                <div class="method-content">
                  <a name="homepage_logo_Test">
                  </a> <!-- homepage_logo_Test -->
                  <span class="method-name">homepage_logo_Test</span>
                </div> <!-- method-content -->
              </div> <!-- method -->
            </div> <!-- main-panel-content rounded-window-bottom -->
          </div> <!-- suite-com.qa.canGen_Test_Automation_Test_Suite-class-passed -->
          <div class="suite-com.qa.canGen_Test_Automation_Test_Suite-class-passed">
            <div class="main-panel-header rounded-window-top">
              <img src="passed.png"/>
              <span class="class-name">testcases.Log_in_Test</span>
            </div> <!-- main-panel-header rounded-window-top -->
            <div class="main-panel-content rounded-window-bottom">
              <div class="method">
                <div class="method-content">
                  <a name="login">
                  </a> <!-- login -->
                  <span class="method-name">login</span>
                </div> <!-- method-content -->
              </div> <!-- method -->
              <div class="method">
                <div class="method-content">
                  <a name="logotest">
                  </a> <!-- logotest -->
                  <span class="method-name">logotest</span>
                </div> <!-- method-content -->
              </div> <!-- method -->
            </div> <!-- main-panel-content rounded-window-bottom -->
          </div> <!-- suite-com.qa.canGen_Test_Automation_Test_Suite-class-passed -->
        </div> <!-- panel com.qa.canGen_Test_Automation_Test_Suite -->
        <div panel-name="test-xml-com.qa.canGen_Test_Automation_Test_Suite" class="panel">
          <div class="main-panel-header rounded-window-top">
            <span class="header-content">C:\Users\suthanthira_devi\workspace\com.qa.canGen\testng.xml</span>
          </div> <!-- main-panel-header rounded-window-top -->
          <div class="main-panel-content rounded-window-bottom">
            <pre>
&lt;?xml version=&quot;1.0&quot; encoding=&quot;UTF-8&quot;?&gt;
&lt;!DOCTYPE suite SYSTEM &quot;http://testng.org/testng-1.0.dtd&quot;&gt;
&lt;suite guice-stage=&quot;DEVELOPMENT&quot; name=&quot;com.qa.canGen Test Automation Test Suite&quot;&gt;
  &lt;listeners&gt;
    &lt;listener class-name=&quot;ExtentReportListener.ExtentReporterNG&quot;/&gt;
  &lt;/listeners&gt;
  &lt;test name=&quot;Can Generation Test Cases&quot;&gt;
    &lt;classes&gt;
      &lt;class name=&quot;testcases.Log_in_Test&quot;/&gt;
      &lt;class name=&quot;testcases.Home_Test&quot;/&gt;
      &lt;class name=&quot;testcases.Prcd_Home_Test&quot;/&gt;
      &lt;class name=&quot;testcases.Prcd_Home_Test&quot;/&gt;
      &lt;class name=&quot;testcases.Service_Home_Test&quot;/&gt;
      &lt;class name=&quot;testcases.Can_Test&quot;/&gt;
    &lt;/classes&gt;
  &lt;/test&gt; &lt;!-- Can Generation Test Cases --&gt;
&lt;/suite&gt; &lt;!-- com.qa.canGen Test Automation Test Suite --&gt;
            </pre>
          </div> <!-- main-panel-content rounded-window-bottom -->
        </div> <!-- panel -->
        <div panel-name="testlist-com.qa.canGen_Test_Automation_Test_Suite" class="panel">
          <div class="main-panel-header rounded-window-top">
            <span class="header-content">Tests for com.qa.canGen Test Automation Test Suite</span>
          </div> <!-- main-panel-header rounded-window-top -->
          <div class="main-panel-content rounded-window-bottom">
            <ul>
              <li>
                <span class="test-name">Can Generation Test Cases (6 classes)</span>
              </li>
            </ul>
          </div> <!-- main-panel-content rounded-window-bottom -->
        </div> <!-- panel -->
        <div panel-name="group-com.qa.canGen_Test_Automation_Test_Suite" class="panel">
          <div class="main-panel-header rounded-window-top">
            <span class="header-content">Groups for com.qa.canGen Test Automation Test Suite</span>
          </div> <!-- main-panel-header rounded-window-top -->
          <div class="main-panel-content rounded-window-bottom">
          </div> <!-- main-panel-content rounded-window-bottom -->
        </div> <!-- panel -->
        <div panel-name="times-com.qa.canGen_Test_Automation_Test_Suite" class="panel">
          <div class="main-panel-header rounded-window-top">
            <span class="header-content">Times for com.qa.canGen Test Automation Test Suite</span>
          </div> <!-- main-panel-header rounded-window-top -->
          <div class="main-panel-content rounded-window-bottom">
            <div class="times-div">
              <script type="text/javascript">
suiteTableInitFunctions.push('tableData_com.qa.canGen_Test_Automation_Test_Suite');
function tableData_com.qa.canGen_Test_Automation_Test_Suite() {
var data = new google.visualization.DataTable();
data.addColumn('number', 'Number');
data.addColumn('string', 'Method');
data.addColumn('string', 'Class');
data.addColumn('number', 'Time (ms)');
data.addRows(10);
data.setCell(0, 0, 0)
data.setCell(0, 1, 'can_frm_test')
data.setCell(0, 2, 'testcases.Can_Test')
data.setCell(0, 3, 112462);
data.setCell(1, 0, 1)
data.setCell(1, 1, 'login')
data.setCell(1, 2, 'testcases.Log_in_Test')
data.setCell(1, 3, 5417);
data.setCell(2, 0, 2)
data.setCell(2, 1, 'homepage_logo_Test')
data.setCell(2, 2, 'testcases.Home_Test')
data.setCell(2, 3, 1624);
data.setCell(3, 0, 3)
data.setCell(3, 1, 'can_frm_test')
data.setCell(3, 2, 'testcases.Home_Test')
data.setCell(3, 3, 1464);
data.setCell(4, 0, 4)
data.setCell(4, 1, 'Ser_link_Test')
data.setCell(4, 2, 'testcases.Service_Home_Test')
data.setCell(4, 3, 109);
data.setCell(5, 0, 5)
data.setCell(5, 1, 'Service_home_header_Test')
data.setCell(5, 2, 'testcases.Prcd_Home_Test')
data.setCell(5, 3, 63);
data.setCell(6, 0, 6)
data.setCell(6, 1, 'Ser_link_Test')
data.setCell(6, 2, 'testcases.Prcd_Home_Test')
data.setCell(6, 3, 61);
data.setCell(7, 0, 7)
data.setCell(7, 1, 'logotest')
data.setCell(7, 2, 'testcases.Log_in_Test')
data.setCell(7, 3, 47);
data.setCell(8, 0, 8)
data.setCell(8, 1, 'Service_home_header_Test')
data.setCell(8, 2, 'testcases.Service_Home_Test')
data.setCell(8, 3, 39);
data.setCell(9, 0, 9)
data.setCell(9, 1, 'Title_Check')
data.setCell(9, 2, 'testcases.Log_in_Test')
data.setCell(9, 3, 34);
window.suiteTableData['com.qa.canGen_Test_Automation_Test_Suite']= { tableData: data, tableDiv: 'times-div-com.qa.canGen_Test_Automation_Test_Suite'}
return data;
}
              </script>
              <span class="suite-total-time">Total running time: 2 minutes</span>
              <div id="times-div-com.qa.canGen_Test_Automation_Test_Suite">
              </div> <!-- times-div-com.qa.canGen_Test_Automation_Test_Suite -->
            </div> <!-- times-div -->
          </div> <!-- main-panel-content rounded-window-bottom -->
        </div> <!-- panel -->
        <div panel-name="reporter-com.qa.canGen_Test_Automation_Test_Suite" class="panel">
          <div class="main-panel-header rounded-window-top">
            <span class="header-content">Reporter output for com.qa.canGen Test Automation Test Suite</span>
          </div> <!-- main-panel-header rounded-window-top -->
          <div class="main-panel-content rounded-window-bottom">
          </div> <!-- main-panel-content rounded-window-bottom -->
        </div> <!-- panel -->
        <div panel-name="ignored-methods-com.qa.canGen_Test_Automation_Test_Suite" class="panel">
          <div class="main-panel-header rounded-window-top">
            <span class="header-content">0 ignored methods</span>
          </div> <!-- main-panel-header rounded-window-top -->
          <div class="main-panel-content rounded-window-bottom">
          </div> <!-- main-panel-content rounded-window-bottom -->
        </div> <!-- panel -->
        <div panel-name="chronological-com.qa.canGen_Test_Automation_Test_Suite" class="panel">
          <div class="main-panel-header rounded-window-top">
            <span class="header-content">Methods in chronological order</span>
          </div> <!-- main-panel-header rounded-window-top -->
          <div class="main-panel-content rounded-window-bottom">
            <div class="chronological-class">
              <div class="chronological-class-name">testcases.Log_in_Test</div> <!-- chronological-class-name -->
              <div class="configuration-test before">
                <span class="method-name">setExtent</span>
                <span class="method-start">0 ms</span>
              </div> <!-- configuration-test before -->
            </div> <!-- chronological-class -->
            <div class="chronological-class">
              <div class="chronological-class-name">testcases.Home_Test</div> <!-- chronological-class-name -->
              <div class="configuration-method before">
                <span class="method-name">setup</span>
                <span class="method-start">190 ms</span>
              </div> <!-- configuration-method before -->
              <div class="test-method">
                <span class="method-name">can_frm_test</span>
                <span class="method-start">12108 ms</span>
              </div> <!-- test-method -->
              <div class="configuration-method after">
                <span class="method-name">quite</span>
                <span class="method-start">13576 ms</span>
              </div> <!-- configuration-method after -->
            </div> <!-- chronological-class -->
            <div class="chronological-class">
              <div class="chronological-class-name">testcases.Prcd_Home_Test</div> <!-- chronological-class-name -->
              <div class="configuration-method before">
                <span class="method-name">setup</span>
                <span class="method-start">14247 ms</span>
              </div> <!-- configuration-method before -->
              <div class="test-method">
                <img src="failed.png">
                </img>
                <span class="method-name">Ser_link_Test</span>
                <span class="method-start">25891 ms</span>
              </div> <!-- test-method -->
              <div class="configuration-method after">
                <span class="method-name">quite</span>
                <span class="method-start">25959 ms</span>
              </div> <!-- configuration-method after -->
            </div> <!-- chronological-class -->
            <div class="chronological-class">
              <div class="chronological-class-name">testcases.Service_Home_Test</div> <!-- chronological-class-name -->
              <div class="configuration-method before">
                <span class="method-name">setup</span>
                <span class="method-start">26750 ms</span>
              </div> <!-- configuration-method before -->
              <div class="test-method">
                <span class="method-name">Ser_link_Test</span>
                <span class="method-start">41891 ms</span>
              </div> <!-- test-method -->
              <div class="configuration-method after">
                <span class="method-name">quite</span>
                <span class="method-start">42001 ms</span>
              </div> <!-- configuration-method after -->
            </div> <!-- chronological-class -->
            <div class="chronological-class">
              <div class="chronological-class-name">testcases.Can_Test</div> <!-- chronological-class-name -->
              <div class="configuration-method before">
                <span class="method-name">setup</span>
                <span class="method-start">43983 ms</span>
              </div> <!-- configuration-method before -->
              <div class="test-method">
                <span class="method-name">can_frm_test(796987478955, Thiru , Male, Rahuman, Married, 25/10/1992, Father, Ali, Bathima, Muslim, BC Muslim, C...)</span>
                <span class="method-start">59867 ms</span>
              </div> <!-- test-method -->
              <div class="configuration-method after">
                <span class="method-name">quite</span>
                <span class="method-start">172331 ms</span>
              </div> <!-- configuration-method after -->
            </div> <!-- chronological-class -->
            <div class="chronological-class">
              <div class="chronological-class-name">testcases.Log_in_Test</div> <!-- chronological-class-name -->
              <div class="configuration-method before">
                <span class="method-name">setup</span>
                <span class="method-start">173718 ms</span>
              </div> <!-- configuration-method before -->
              <div class="test-method">
                <img src="failed.png">
                </img>
                <span class="method-name">Title_Check</span>
                <span class="method-start">181018 ms</span>
              </div> <!-- test-method -->
              <div class="configuration-method after">
                <span class="method-name">tearDown([TestResult name=Title_Check status=FAILURE method=Log_in_Test.Title_Check()[pri:1, instance:testcas...)</span>
                <span class="method-start">181054 ms</span>
              </div> <!-- configuration-method after -->
            </div> <!-- chronological-class -->
            <div class="chronological-class">
              <div class="chronological-class-name">testcases.Home_Test</div> <!-- chronological-class-name -->
              <div class="configuration-method before">
                <span class="method-name">setup</span>
                <span class="method-start">182402 ms</span>
              </div> <!-- configuration-method before -->
              <div class="test-method">
                <span class="method-name">homepage_logo_Test</span>
                <span class="method-start">192557 ms</span>
              </div> <!-- test-method -->
              <div class="configuration-method after">
                <span class="method-name">quite</span>
                <span class="method-start">194182 ms</span>
              </div> <!-- configuration-method after -->
            </div> <!-- chronological-class -->
            <div class="chronological-class">
              <div class="chronological-class-name">testcases.Prcd_Home_Test</div> <!-- chronological-class-name -->
              <div class="configuration-method before">
                <span class="method-name">setup</span>
                <span class="method-start">194953 ms</span>
              </div> <!-- configuration-method before -->
              <div class="test-method">
                <img src="failed.png">
                </img>
                <span class="method-name">Service_home_header_Test</span>
                <span class="method-start">207446 ms</span>
              </div> <!-- test-method -->
              <div class="configuration-method after">
                <span class="method-name">quite</span>
                <span class="method-start">207510 ms</span>
              </div> <!-- configuration-method after -->
            </div> <!-- chronological-class -->
            <div class="chronological-class">
              <div class="chronological-class-name">testcases.Service_Home_Test</div> <!-- chronological-class-name -->
              <div class="configuration-method before">
                <span class="method-name">setup</span>
                <span class="method-start">208258 ms</span>
              </div> <!-- configuration-method before -->
              <div class="test-method">
                <img src="failed.png">
                </img>
                <span class="method-name">Service_home_header_Test</span>
                <span class="method-start">219826 ms</span>
              </div> <!-- test-method -->
              <div class="configuration-method after">
                <span class="method-name">quite</span>
                <span class="method-start">219866 ms</span>
              </div> <!-- configuration-method after -->
            </div> <!-- chronological-class -->
            <div class="chronological-class">
              <div class="chronological-class-name">testcases.Log_in_Test</div> <!-- chronological-class-name -->
              <div class="configuration-method before">
                <span class="method-name">setup</span>
                <span class="method-start">220635 ms</span>
              </div> <!-- configuration-method before -->
              <div class="test-method">
                <span class="method-name">logotest</span>
                <span class="method-start">227311 ms</span>
              </div> <!-- test-method -->
              <div class="configuration-method after">
                <span class="method-name">tearDown([TestResult name=logotest status=SUCCESS method=Log_in_Test.logotest()[pri:2, instance:testcases.Log...)</span>
                <span class="method-start">227358 ms</span>
              </div> <!-- configuration-method after -->
              <div class="configuration-method before">
                <span class="method-name">setup</span>
                <span class="method-start">228000 ms</span>
              </div> <!-- configuration-method before -->
              <div class="test-method">
                <span class="method-name">login</span>
                <span class="method-start">237915 ms</span>
              </div> <!-- test-method -->
              <div class="configuration-method after">
                <span class="method-name">tearDown([TestResult name=login status=SUCCESS method=Log_in_Test.login()[pri:3, instance:testcases.Log_in_Te...)</span>
                <span class="method-start">243332 ms</span>
              </div> <!-- configuration-method after -->
              <div class="configuration-test after">
                <span class="method-name">endReport</span>
                <span class="method-start">244016 ms</span>
              </div> <!-- configuration-test after -->
          </div> <!-- main-panel-content rounded-window-bottom -->
        </div> <!-- panel -->
      </div> <!-- main-panel-root -->
    </div> <!-- wrapper -->
  </body>
</html>
