<?xml version="1.0" encoding="UTF-8"?>
<testng-results skipped="0" failed="4" ignored="0" total="10" passed="6">
  <reporter-output>
  </reporter-output>
  <suite name="com.qa.canGen Test Automation Test Suite" duration-ms="244564" started-at="2018-12-07T10:26:07Z" finished-at="2018-12-07T10:30:12Z">
    <groups>
    </groups>
    <test name="Can Generation Test Cases" duration-ms="244564" started-at="2018-12-07T10:26:07Z" finished-at="2018-12-07T10:30:12Z">
      <class name="testcases.Service_Home_Test">
        <test-method status="PASS" signature="setup()[pri:0, instance:testcases.Service_Home_Test@27efef64]" name="setup" is-config="true" duration-ms="15140" started-at="2018-12-07T15:56:34Z" finished-at="2018-12-07T15:56:49Z">
          <reporter-output>
          </reporter-output>
        </test-method> <!-- setup -->
        <test-method status="PASS" signature="Ser_link_Test()[pri:0, instance:testcases.Service_Home_Test@27efef64]" name="Ser_link_Test" duration-ms="109" started-at="2018-12-07T15:56:49Z" finished-at="2018-12-07T15:56:49Z">
          <reporter-output>
          </reporter-output>
        </test-method> <!-- Ser_link_Test -->
        <test-method status="PASS" signature="quite()[pri:0, instance:testcases.Service_Home_Test@27efef64]" name="quite" is-config="true" duration-ms="741" started-at="2018-12-07T15:56:49Z" finished-at="2018-12-07T15:56:50Z">
          <reporter-output>
          </reporter-output>
        </test-method> <!-- quite -->
        <test-method status="PASS" signature="setup()[pri:0, instance:testcases.Service_Home_Test@27efef64]" name="setup" is-config="true" duration-ms="11567" started-at="2018-12-07T15:59:35Z" finished-at="2018-12-07T15:59:47Z">
          <reporter-output>
          </reporter-output>
        </test-method> <!-- setup -->
        <test-method status="FAIL" signature="Service_home_header_Test()[pri:1, instance:testcases.Service_Home_Test@27efef64]" name="Service_home_header_Test" duration-ms="39" started-at="2018-12-07T15:59:47Z" finished-at="2018-12-07T15:59:47Z">
          <exception class="java.lang.AssertionError">
            <message>
              <![CDATA[expected [Instructions for applying  Temporary Crackers License] but found [Instructions for applying Temporary Crackers License]]]>
            </message>
            <full-stacktrace>
              <![CDATA[java.lang.AssertionError: expected [Instructions for applying  Temporary Crackers License] but found [Instructions for applying Temporary Crackers License]
	at org.testng.Assert.fail(Assert.java:93)
	at org.testng.Assert.failNotEquals(Assert.java:512)
	at org.testng.Assert.assertEqualsImpl(Assert.java:134)
	at org.testng.Assert.assertEquals(Assert.java:115)
	at org.testng.Assert.assertEquals(Assert.java:189)
	at org.testng.Assert.assertEquals(Assert.java:199)
	at testcases.Service_Home_Test.Service_home_header_Test(Service_Home_Test.java:39)
	at sun.reflect.NativeMethodAccessorImpl.invoke0(Native Method)
	at sun.reflect.NativeMethodAccessorImpl.invoke(NativeMethodAccessorImpl.java:62)
	at sun.reflect.DelegatingMethodAccessorImpl.invoke(DelegatingMethodAccessorImpl.java:43)
	at java.lang.reflect.Method.invoke(Method.java:498)
	at org.testng.internal.MethodInvocationHelper.invokeMethod(MethodInvocationHelper.java:108)
	at org.testng.internal.Invoker.invokeMethod(Invoker.java:661)
	at org.testng.internal.Invoker.invokeTestMethod(Invoker.java:869)
	at org.testng.internal.Invoker.invokeTestMethods(Invoker.java:1193)
	at org.testng.internal.TestMethodWorker.invokeTestMethods(TestMethodWorker.java:126)
	at org.testng.internal.TestMethodWorker.run(TestMethodWorker.java:109)
	at org.testng.TestRunner.privateRun(TestRunner.java:744)
	at org.testng.TestRunner.run(TestRunner.java:602)
	at org.testng.SuiteRunner.runTest(SuiteRunner.java:380)
	at org.testng.SuiteRunner.runSequentially(SuiteRunner.java:375)
	at org.testng.SuiteRunner.privateRun(SuiteRunner.java:340)
	at org.testng.SuiteRunner.run(SuiteRunner.java:289)
	at org.testng.SuiteRunnerWorker.runSuite(SuiteRunnerWorker.java:52)
	at org.testng.SuiteRunnerWorker.run(SuiteRunnerWorker.java:86)
	at org.testng.TestNG.runSuitesSequentially(TestNG.java:1301)
	at org.testng.TestNG.runSuitesLocally(TestNG.java:1226)
	at org.testng.TestNG.runSuites(TestNG.java:1144)
	at org.testng.TestNG.run(TestNG.java:1115)
	at org.testng.remote.AbstractRemoteTestNG.run(AbstractRemoteTestNG.java:114)
	at org.testng.remote.RemoteTestNG.initAndRun(RemoteTestNG.java:251)
	at org.testng.remote.RemoteTestNG.main(RemoteTestNG.java:77)
]]>
            </full-stacktrace>
          </exception> <!-- java.lang.AssertionError -->
          <reporter-output>
          </reporter-output>
        </test-method> <!-- Service_home_header_Test -->
        <test-method status="PASS" signature="quite()[pri:0, instance:testcases.Service_Home_Test@27efef64]" name="quite" is-config="true" duration-ms="769" started-at="2018-12-07T15:59:47Z" finished-at="2018-12-07T15:59:48Z">
          <reporter-output>
          </reporter-output>
        </test-method> <!-- quite -->
      </class> <!-- testcases.Service_Home_Test -->
      <class name="testcases.Log_in_Test">
        <test-method status="PASS" signature="setExtent()[pri:0, instance:testcases.Log_in_Test@68c4039c]" name="setExtent" is-config="true" duration-ms="174" started-at="2018-12-07T15:56:07Z" finished-at="2018-12-07T15:56:07Z">
          <reporter-output>
          </reporter-output>
        </test-method> <!-- setExtent -->
        <test-method status="PASS" signature="setup()[pri:0, instance:testcases.Log_in_Test@68c4039c]" name="setup" is-config="true" duration-ms="7300" started-at="2018-12-07T15:59:01Z" finished-at="2018-12-07T15:59:08Z">
          <reporter-output>
          </reporter-output>
        </test-method> <!-- setup -->
        <test-method status="FAIL" signature="Title_Check()[pri:1, instance:testcases.Log_in_Test@68c4039c]" name="Title_Check" duration-ms="34" started-at="2018-12-07T15:59:08Z" finished-at="2018-12-07T15:59:08Z">
          <exception class="java.lang.AssertionError">
            <message>
              <![CDATA[expected [Tamil Nadu e-Districdt] but found [Tamil Nadu e-District]]]>
            </message>
            <full-stacktrace>
              <![CDATA[java.lang.AssertionError: expected [Tamil Nadu e-Districdt] but found [Tamil Nadu e-District]
	at org.testng.Assert.fail(Assert.java:93)
	at org.testng.Assert.failNotEquals(Assert.java:512)
	at org.testng.Assert.assertEqualsImpl(Assert.java:134)
	at org.testng.Assert.assertEquals(Assert.java:115)
	at org.testng.Assert.assertEquals(Assert.java:189)
	at org.testng.Assert.assertEquals(Assert.java:199)
	at testcases.Log_in_Test.Title_Check(Log_in_Test.java:81)
	at sun.reflect.NativeMethodAccessorImpl.invoke0(Native Method)
	at sun.reflect.NativeMethodAccessorImpl.invoke(NativeMethodAccessorImpl.java:62)
	at sun.reflect.DelegatingMethodAccessorImpl.invoke(DelegatingMethodAccessorImpl.java:43)
	at java.lang.reflect.Method.invoke(Method.java:498)
	at org.testng.internal.MethodInvocationHelper.invokeMethod(MethodInvocationHelper.java:108)
	at org.testng.internal.Invoker.invokeMethod(Invoker.java:661)
	at org.testng.internal.Invoker.invokeTestMethod(Invoker.java:869)
	at org.testng.internal.Invoker.invokeTestMethods(Invoker.java:1193)
	at org.testng.internal.TestMethodWorker.invokeTestMethods(TestMethodWorker.java:126)
	at org.testng.internal.TestMethodWorker.run(TestMethodWorker.java:109)
	at org.testng.TestRunner.privateRun(TestRunner.java:744)
	at org.testng.TestRunner.run(TestRunner.java:602)
	at org.testng.SuiteRunner.runTest(SuiteRunner.java:380)
	at org.testng.SuiteRunner.runSequentially(SuiteRunner.java:375)
	at org.testng.SuiteRunner.privateRun(SuiteRunner.java:340)
	at org.testng.SuiteRunner.run(SuiteRunner.java:289)
	at org.testng.SuiteRunnerWorker.runSuite(SuiteRunnerWorker.java:52)
	at org.testng.SuiteRunnerWorker.run(SuiteRunnerWorker.java:86)
	at org.testng.TestNG.runSuitesSequentially(TestNG.java:1301)
	at org.testng.TestNG.runSuitesLocally(TestNG.java:1226)
	at org.testng.TestNG.runSuites(TestNG.java:1144)
	at org.testng.TestNG.run(TestNG.java:1115)
	at org.testng.remote.AbstractRemoteTestNG.run(AbstractRemoteTestNG.java:114)
	at org.testng.remote.RemoteTestNG.initAndRun(RemoteTestNG.java:251)
	at org.testng.remote.RemoteTestNG.main(RemoteTestNG.java:77)
]]>
            </full-stacktrace>
          </exception> <!-- java.lang.AssertionError -->
          <reporter-output>
          </reporter-output>
        </test-method> <!-- Title_Check -->
        <test-method status="PASS" signature="tearDown(org.testng.ITestResult)[pri:0, instance:testcases.Log_in_Test@68c4039c]" name="tearDown" is-config="true" duration-ms="1348" started-at="2018-12-07T15:59:08Z" finished-at="2018-12-07T15:59:10Z">
          <params>
            <param index="0">
              <value>
                <![CDATA[[TestResult name=Title_Check status=FAILURE method=Log_in_Test.Title_Check()[pri:1, instance:testcases.Log_in_Test@68c4039c] output={null}]]]>
              </value>
            </param>
          </params>
          <reporter-output>
          </reporter-output>
        </test-method> <!-- tearDown -->
        <test-method status="PASS" signature="setup()[pri:0, instance:testcases.Log_in_Test@68c4039c]" name="setup" is-config="true" duration-ms="6676" started-at="2018-12-07T15:59:48Z" finished-at="2018-12-07T15:59:55Z">
          <reporter-output>
          </reporter-output>
        </test-method> <!-- setup -->
        <test-method status="PASS" signature="logotest()[pri:2, instance:testcases.Log_in_Test@68c4039c]" name="logotest" duration-ms="47" started-at="2018-12-07T15:59:55Z" finished-at="2018-12-07T15:59:55Z">
          <reporter-output>
          </reporter-output>
        </test-method> <!-- logotest -->
        <test-method status="PASS" signature="tearDown(org.testng.ITestResult)[pri:0, instance:testcases.Log_in_Test@68c4039c]" name="tearDown" is-config="true" duration-ms="642" started-at="2018-12-07T15:59:55Z" finished-at="2018-12-07T15:59:55Z">
          <params>
            <param index="0">
              <value>
                <![CDATA[[TestResult name=logotest status=SUCCESS method=Log_in_Test.logotest()[pri:2, instance:testcases.Log_in_Test@68c4039c] output={null}]]]>
              </value>
            </param>
          </params>
          <reporter-output>
          </reporter-output>
        </test-method> <!-- tearDown -->
        <test-method status="PASS" signature="setup()[pri:0, instance:testcases.Log_in_Test@68c4039c]" name="setup" is-config="true" duration-ms="9915" started-at="2018-12-07T15:59:55Z" finished-at="2018-12-07T16:00:05Z">
          <reporter-output>
          </reporter-output>
        </test-method> <!-- setup -->
        <test-method status="PASS" signature="login()[pri:3, instance:testcases.Log_in_Test@68c4039c]" name="login" duration-ms="5417" started-at="2018-12-07T16:00:05Z" finished-at="2018-12-07T16:00:11Z">
          <reporter-output>
          </reporter-output>
        </test-method> <!-- login -->
        <test-method status="PASS" signature="tearDown(org.testng.ITestResult)[pri:0, instance:testcases.Log_in_Test@68c4039c]" name="tearDown" is-config="true" duration-ms="684" started-at="2018-12-07T16:00:11Z" finished-at="2018-12-07T16:00:11Z">
          <params>
            <param index="0">
              <value>
                <![CDATA[[TestResult name=login status=SUCCESS method=Log_in_Test.login()[pri:3, instance:testcases.Log_in_Test@68c4039c] output={null}]]]>
              </value>
            </param>
          </params>
          <reporter-output>
          </reporter-output>
        </test-method> <!-- tearDown -->
        <test-method status="PASS" signature="endReport()[pri:0, instance:testcases.Log_in_Test@68c4039c]" name="endReport" is-config="true" duration-ms="543" started-at="2018-12-07T16:00:11Z" finished-at="2018-12-07T16:00:12Z">
          <reporter-output>
          </reporter-output>
        </test-method> <!-- endReport -->
      </class> <!-- testcases.Log_in_Test -->
      <class name="testcases.Prcd_Home_Test">
        <test-method status="PASS" signature="setup()[pri:0, instance:testcases.Prcd_Home_Test@59f99ea]" name="setup" is-config="true" duration-ms="11644" started-at="2018-12-07T15:56:21Z" finished-at="2018-12-07T15:56:33Z">
          <reporter-output>
          </reporter-output>
        </test-method> <!-- setup -->
        <test-method status="FAIL" signature="Ser_link_Test()[pri:0, instance:testcases.Prcd_Home_Test@59f99ea]" name="Ser_link_Test" duration-ms="61" started-at="2018-12-07T15:56:33Z" finished-at="2018-12-07T15:56:33Z">
          <exception class="org.openqa.selenium.WebDriverException">
            <message>
              <![CDATA[unknown error: Element <input id="form1:j_id1148295558_11cd0f9c" name="form1:j_id1148295558_11cd0f9c" type="submit" value="Proceed" onclick="jsf.util.chain(document.getElementById('form1:j_id1148295558_11cd0f9c'), event,'return(disableButton(this.id));;', 'jsf.ajax.request(\'form1:j_id1148295558_11cd0f9c\',event,{execute:\'form1:serId\',\'javax.faces.behavior.event\':\'action\'})', 'RichFaces.ui.ComponentControl.execute(event,{&quot;target&quot;:[&quot;popup&quot;] ,&quot;callback&quot;:function(event,component){component[\'show\'].apply(component,[] );},&quot;selector&quot;:null} ); return false;'); return false;" class="button_example" tabindex="-1" accesskey=""> is not clickable at point (788, 598). Other element would receive the click: <div class="rf-pp-shade" id="popup_shade" style="z-index:100;">...</div>
  (Session info: chrome=70.0.3538.110)
  (Driver info: chromedriver=2.43.600210 (68dcf5eebde37173d4027fa8635e332711d2874a),platform=Windows NT 10.0.16299 x86_64) (WARNING: The server did not provide any stacktrace information)
Command duration or timeout: 0 milliseconds
Build info: version: '3.11.0', revision: 'e59cfb3', time: '2018-03-11T20:26:55.152Z'
System info: host: 'SUTHANTHIRADEVI', ip: '172.19.4.240', os.name: 'Windows 10', os.arch: 'amd64', os.version: '10.0', java.version: '1.8.0_171'
Driver info: org.openqa.selenium.chrome.ChromeDriver
Capabilities {acceptInsecureCerts: false, acceptSslCerts: false, applicationCacheEnabled: false, browserConnectionEnabled: false, browserName: chrome, chrome: {chromedriverVersion: 2.43.600210 (68dcf5eebde371..., userDataDir: C:\Users\SUTHAN~1\AppData\L...}, cssSelectorsEnabled: true, databaseEnabled: false, goog:chromeOptions: {debuggerAddress: localhost:64065}, handlesAlerts: true, hasTouchScreen: false, javascriptEnabled: true, locationContextEnabled: true, mobileEmulationEnabled: false, nativeEvents: true, networkConnectionEnabled: false, pageLoadStrategy: normal, platform: XP, platformName: XP, rotatable: false, setWindowRect: true, takesHeapSnapshot: true, takesScreenshot: true, unexpectedAlertBehaviour: , unhandledPromptBehavior: , version: 70.0.3538.110, webStorageEnabled: true}
Session ID: 34b652ccbf4e5a2c1bf2eb995b1bf717]]>
            </message>
            <full-stacktrace>
              <![CDATA[org.openqa.selenium.WebDriverException: unknown error: Element <input id="form1:j_id1148295558_11cd0f9c" name="form1:j_id1148295558_11cd0f9c" type="submit" value="Proceed" onclick="jsf.util.chain(document.getElementById('form1:j_id1148295558_11cd0f9c'), event,'return(disableButton(this.id));;', 'jsf.ajax.request(\'form1:j_id1148295558_11cd0f9c\',event,{execute:\'form1:serId\',\'javax.faces.behavior.event\':\'action\'})', 'RichFaces.ui.ComponentControl.execute(event,{&quot;target&quot;:[&quot;popup&quot;] ,&quot;callback&quot;:function(event,component){component[\'show\'].apply(component,[] );},&quot;selector&quot;:null} ); return false;'); return false;" class="button_example" tabindex="-1" accesskey=""> is not clickable at point (788, 598). Other element would receive the click: <div class="rf-pp-shade" id="popup_shade" style="z-index:100;">...</div>
  (Session info: chrome=70.0.3538.110)
  (Driver info: chromedriver=2.43.600210 (68dcf5eebde37173d4027fa8635e332711d2874a),platform=Windows NT 10.0.16299 x86_64) (WARNING: The server did not provide any stacktrace information)
Command duration or timeout: 0 milliseconds
Build info: version: '3.11.0', revision: 'e59cfb3', time: '2018-03-11T20:26:55.152Z'
System info: host: 'SUTHANTHIRADEVI', ip: '172.19.4.240', os.name: 'Windows 10', os.arch: 'amd64', os.version: '10.0', java.version: '1.8.0_171'
Driver info: org.openqa.selenium.chrome.ChromeDriver
Capabilities {acceptInsecureCerts: false, acceptSslCerts: false, applicationCacheEnabled: false, browserConnectionEnabled: false, browserName: chrome, chrome: {chromedriverVersion: 2.43.600210 (68dcf5eebde371..., userDataDir: C:\Users\SUTHAN~1\AppData\L...}, cssSelectorsEnabled: true, databaseEnabled: false, goog:chromeOptions: {debuggerAddress: localhost:64065}, handlesAlerts: true, hasTouchScreen: false, javascriptEnabled: true, locationContextEnabled: true, mobileEmulationEnabled: false, nativeEvents: true, networkConnectionEnabled: false, pageLoadStrategy: normal, platform: XP, platformName: XP, rotatable: false, setWindowRect: true, takesHeapSnapshot: true, takesScreenshot: true, unexpectedAlertBehaviour: , unhandledPromptBehavior: , version: 70.0.3538.110, webStorageEnabled: true}
Session ID: 34b652ccbf4e5a2c1bf2eb995b1bf717
	at sun.reflect.NativeConstructorAccessorImpl.newInstance0(Native Method)
	at sun.reflect.NativeConstructorAccessorImpl.newInstance(NativeConstructorAccessorImpl.java:62)
	at sun.reflect.DelegatingConstructorAccessorImpl.newInstance(DelegatingConstructorAccessorImpl.java:45)
	at java.lang.reflect.Constructor.newInstance(Constructor.java:423)
	at org.openqa.selenium.remote.ErrorHandler.createThrowable(ErrorHandler.java:214)
	at org.openqa.selenium.remote.ErrorHandler.throwIfResponseFailed(ErrorHandler.java:166)
	at org.openqa.selenium.remote.http.JsonHttpResponseCodec.reconstructValue(JsonHttpResponseCodec.java:40)
	at org.openqa.selenium.remote.http.AbstractHttpResponseCodec.decode(AbstractHttpResponseCodec.java:80)
	at org.openqa.selenium.remote.http.AbstractHttpResponseCodec.decode(AbstractHttpResponseCodec.java:44)
	at org.openqa.selenium.remote.HttpCommandExecutor.execute(HttpCommandExecutor.java:158)
	at org.openqa.selenium.remote.service.DriverCommandExecutor.execute(DriverCommandExecutor.java:83)
	at org.openqa.selenium.remote.RemoteWebDriver.execute(RemoteWebDriver.java:545)
	at org.openqa.selenium.remote.RemoteWebElement.execute(RemoteWebElement.java:279)
	at org.openqa.selenium.remote.RemoteWebElement.click(RemoteWebElement.java:83)
	at sun.reflect.GeneratedMethodAccessor1.invoke(Unknown Source)
	at sun.reflect.DelegatingMethodAccessorImpl.invoke(DelegatingMethodAccessorImpl.java:43)
	at java.lang.reflect.Method.invoke(Method.java:498)
	at org.openqa.selenium.support.pagefactory.internal.LocatingElementHandler.invoke(LocatingElementHandler.java:51)
	at com.sun.proxy.$Proxy12.click(Unknown Source)
	at Allpages.Service_Home.Prcd_Btn(Service_Home.java:27)
	at testcases.Prcd_Home_Test.Ser_link_Test(Prcd_Home_Test.java:49)
	at sun.reflect.NativeMethodAccessorImpl.invoke0(Native Method)
	at sun.reflect.NativeMethodAccessorImpl.invoke(NativeMethodAccessorImpl.java:62)
	at sun.reflect.DelegatingMethodAccessorImpl.invoke(DelegatingMethodAccessorImpl.java:43)
	at java.lang.reflect.Method.invoke(Method.java:498)
	at org.testng.internal.MethodInvocationHelper.invokeMethod(MethodInvocationHelper.java:108)
	at org.testng.internal.Invoker.invokeMethod(Invoker.java:661)
	at org.testng.internal.Invoker.invokeTestMethod(Invoker.java:869)
	at org.testng.internal.Invoker.invokeTestMethods(Invoker.java:1193)
	at org.testng.internal.TestMethodWorker.invokeTestMethods(TestMethodWorker.java:126)
	at org.testng.internal.TestMethodWorker.run(TestMethodWorker.java:109)
	at org.testng.TestRunner.privateRun(TestRunner.java:744)
	at org.testng.TestRunner.run(TestRunner.java:602)
	at org.testng.SuiteRunner.runTest(SuiteRunner.java:380)
	at org.testng.SuiteRunner.runSequentially(SuiteRunner.java:375)
	at org.testng.SuiteRunner.privateRun(SuiteRunner.java:340)
	at org.testng.SuiteRunner.run(SuiteRunner.java:289)
	at org.testng.SuiteRunnerWorker.runSuite(SuiteRunnerWorker.java:52)
	at org.testng.SuiteRunnerWorker.run(SuiteRunnerWorker.java:86)
	at org.testng.TestNG.runSuitesSequentially(TestNG.java:1301)
	at org.testng.TestNG.runSuitesLocally(TestNG.java:1226)
	at org.testng.TestNG.runSuites(TestNG.java:1144)
	at org.testng.TestNG.run(TestNG.java:1115)
	at org.testng.remote.AbstractRemoteTestNG.run(AbstractRemoteTestNG.java:114)
	at org.testng.remote.RemoteTestNG.initAndRun(RemoteTestNG.java:251)
	at org.testng.remote.RemoteTestNG.main(RemoteTestNG.java:77)
]]>
            </full-stacktrace>
          </exception> <!-- org.openqa.selenium.WebDriverException -->
          <reporter-output>
          </reporter-output>
        </test-method> <!-- Ser_link_Test -->
        <test-method status="PASS" signature="quite()[pri:0, instance:testcases.Prcd_Home_Test@59f99ea]" name="quite" is-config="true" duration-ms="790" started-at="2018-12-07T15:56:33Z" finished-at="2018-12-07T15:56:34Z">
          <reporter-output>
          </reporter-output>
        </test-method> <!-- quite -->
        <test-method status="PASS" signature="setup()[pri:0, instance:testcases.Prcd_Home_Test@59f99ea]" name="setup" is-config="true" duration-ms="12493" started-at="2018-12-07T15:59:22Z" finished-at="2018-12-07T15:59:35Z">
          <reporter-output>
          </reporter-output>
        </test-method> <!-- setup -->
        <test-method status="FAIL" signature="Service_home_header_Test()[pri:1, instance:testcases.Prcd_Home_Test@59f99ea]" name="Service_home_header_Test" duration-ms="63" started-at="2018-12-07T15:59:35Z" finished-at="2018-12-07T15:59:35Z">
          <exception class="java.lang.AssertionError">
            <message>
              <![CDATA[expected [Instructions for applying  Temporary Crackers License] but found [Instructions for applying Temporary Crackers License]]]>
            </message>
            <full-stacktrace>
              <![CDATA[java.lang.AssertionError: expected [Instructions for applying  Temporary Crackers License] but found [Instructions for applying Temporary Crackers License]
	at org.testng.Assert.fail(Assert.java:93)
	at org.testng.Assert.failNotEquals(Assert.java:512)
	at org.testng.Assert.assertEqualsImpl(Assert.java:134)
	at org.testng.Assert.assertEquals(Assert.java:115)
	at org.testng.Assert.assertEquals(Assert.java:189)
	at org.testng.Assert.assertEquals(Assert.java:199)
	at testcases.Prcd_Home_Test.Service_home_header_Test(Prcd_Home_Test.java:43)
	at sun.reflect.NativeMethodAccessorImpl.invoke0(Native Method)
	at sun.reflect.NativeMethodAccessorImpl.invoke(NativeMethodAccessorImpl.java:62)
	at sun.reflect.DelegatingMethodAccessorImpl.invoke(DelegatingMethodAccessorImpl.java:43)
	at java.lang.reflect.Method.invoke(Method.java:498)
	at org.testng.internal.MethodInvocationHelper.invokeMethod(MethodInvocationHelper.java:108)
	at org.testng.internal.Invoker.invokeMethod(Invoker.java:661)
	at org.testng.internal.Invoker.invokeTestMethod(Invoker.java:869)
	at org.testng.internal.Invoker.invokeTestMethods(Invoker.java:1193)
	at org.testng.internal.TestMethodWorker.invokeTestMethods(TestMethodWorker.java:126)
	at org.testng.internal.TestMethodWorker.run(TestMethodWorker.java:109)
	at org.testng.TestRunner.privateRun(TestRunner.java:744)
	at org.testng.TestRunner.run(TestRunner.java:602)
	at org.testng.SuiteRunner.runTest(SuiteRunner.java:380)
	at org.testng.SuiteRunner.runSequentially(SuiteRunner.java:375)
	at org.testng.SuiteRunner.privateRun(SuiteRunner.java:340)
	at org.testng.SuiteRunner.run(SuiteRunner.java:289)
	at org.testng.SuiteRunnerWorker.runSuite(SuiteRunnerWorker.java:52)
	at org.testng.SuiteRunnerWorker.run(SuiteRunnerWorker.java:86)
	at org.testng.TestNG.runSuitesSequentially(TestNG.java:1301)
	at org.testng.TestNG.runSuitesLocally(TestNG.java:1226)
	at org.testng.TestNG.runSuites(TestNG.java:1144)
	at org.testng.TestNG.run(TestNG.java:1115)
	at org.testng.remote.AbstractRemoteTestNG.run(AbstractRemoteTestNG.java:114)
	at org.testng.remote.RemoteTestNG.initAndRun(RemoteTestNG.java:251)
	at org.testng.remote.RemoteTestNG.main(RemoteTestNG.java:77)
]]>
            </full-stacktrace>
          </exception> <!-- java.lang.AssertionError -->
          <reporter-output>
          </reporter-output>
        </test-method> <!-- Service_home_header_Test -->
        <test-method status="PASS" signature="quite()[pri:0, instance:testcases.Prcd_Home_Test@59f99ea]" name="quite" is-config="true" duration-ms="747" started-at="2018-12-07T15:59:35Z" finished-at="2018-12-07T15:59:35Z">
          <reporter-output>
          </reporter-output>
        </test-method> <!-- quite -->
      </class> <!-- testcases.Prcd_Home_Test -->
      <class name="testcases.Home_Test">
        <test-method status="PASS" signature="setup()[pri:0, instance:testcases.Home_Test@ae45eb6]" name="setup" is-config="true" duration-ms="11918" started-at="2018-12-07T15:56:07Z" finished-at="2018-12-07T15:56:19Z">
          <reporter-output>
          </reporter-output>
        </test-method> <!-- setup -->
        <test-method status="PASS" signature="can_frm_test()[pri:0, instance:testcases.Home_Test@ae45eb6]" name="can_frm_test" duration-ms="1464" started-at="2018-12-07T15:56:19Z" finished-at="2018-12-07T15:56:21Z">
          <reporter-output>
          </reporter-output>
        </test-method> <!-- can_frm_test -->
        <test-method status="PASS" signature="quite()[pri:0, instance:testcases.Home_Test@ae45eb6]" name="quite" is-config="true" duration-ms="670" started-at="2018-12-07T15:56:21Z" finished-at="2018-12-07T15:56:21Z">
          <reporter-output>
          </reporter-output>
        </test-method> <!-- quite -->
        <test-method status="PASS" signature="setup()[pri:0, instance:testcases.Home_Test@ae45eb6]" name="setup" is-config="true" duration-ms="10155" started-at="2018-12-07T15:59:10Z" finished-at="2018-12-07T15:59:20Z">
          <reporter-output>
          </reporter-output>
        </test-method> <!-- setup -->
        <test-method status="PASS" signature="homepage_logo_Test()[pri:1, instance:testcases.Home_Test@ae45eb6]" name="homepage_logo_Test" duration-ms="1624" started-at="2018-12-07T15:59:20Z" finished-at="2018-12-07T15:59:21Z">
          <reporter-output>
          </reporter-output>
        </test-method> <!-- homepage_logo_Test -->
        <test-method status="PASS" signature="quite()[pri:0, instance:testcases.Home_Test@ae45eb6]" name="quite" is-config="true" duration-ms="771" started-at="2018-12-07T15:59:21Z" finished-at="2018-12-07T15:59:22Z">
          <reporter-output>
          </reporter-output>
        </test-method> <!-- quite -->
      </class> <!-- testcases.Home_Test -->
      <class name="testcases.Can_Test">
        <test-method status="PASS" signature="setup()[pri:0, instance:testcases.Can_Test@6f7fd0e6]" name="setup" is-config="true" duration-ms="15884" started-at="2018-12-07T15:56:51Z" finished-at="2018-12-07T15:57:07Z">
          <reporter-output>
          </reporter-output>
        </test-method> <!-- setup -->
        <test-method status="PASS" signature="can_frm_test(java.lang.String, java.lang.String, java.lang.String, java.lang.String, java.lang.String, java.lang.String, java.lang.String, java.lang.String, java.lang.String, java.lang.String, java.lang.String, java.lang.String, java.lang.String, java.lang.String, java.lang.String, java.lang.String, java.lang.String, java.lang.String, java.lang.String, java.lang.String)[pri:0, instance:testcases.Can_Test@6f7fd0e6]" name="can_frm_test" duration-ms="112462" started-at="2018-12-07T15:57:07Z" data-provider="exceldata" finished-at="2018-12-07T15:59:00Z">
          <params>
            <param index="0">
              <value>
                <![CDATA[796987478955]]>
              </value>
            </param>
            <param index="1">
              <value>
                <![CDATA[Thiru ]]>
              </value>
            </param>
            <param index="2">
              <value>
                <![CDATA[Male]]>
              </value>
            </param>
            <param index="3">
              <value>
                <![CDATA[Rahuman]]>
              </value>
            </param>
            <param index="4">
              <value>
                <![CDATA[Married]]>
              </value>
            </param>
            <param index="5">
              <value>
                <![CDATA[25/10/1992]]>
              </value>
            </param>
            <param index="6">
              <value>
                <![CDATA[Father]]>
              </value>
            </param>
            <param index="7">
              <value>
                <![CDATA[Ali]]>
              </value>
            </param>
            <param index="8">
              <value>
                <![CDATA[Bathima]]>
              </value>
            </param>
            <param index="9">
              <value>
                <![CDATA[Muslim]]>
              </value>
            </param>
            <param index="10">
              <value>
                <![CDATA[BC Muslim]]>
              </value>
            </param>
            <param index="11">
              <value>
                <![CDATA[Clerical ]]>
              </value>
            </param>
            <param index="12">
              <value>
                <![CDATA[Dharmapuri]]>
              </value>
            </param>
            <param index="13">
              <value>
                <![CDATA[Dharmapuri]]>
              </value>
            </param>
            <param index="14">
              <value>
                <![CDATA[Kuppur]]>
              </value>
            </param>
            <param index="15">
              <value>
                <![CDATA[north]]>
              </value>
            </param>
            <param index="16">
              <value>
                <![CDATA[north]]>
              </value>
            </param>
            <param index="17">
              <value>
                <![CDATA[110]]>
              </value>
            </param>
            <param index="18">
              <value>
                <![CDATA[622301]]>
              </value>
            </param>
            <param index="19">
              <value>
                <![CDATA[9677112495]]>
              </value>
            </param>
          </params>
          <reporter-output>
          </reporter-output>
        </test-method> <!-- can_frm_test -->
        <test-method status="PASS" signature="quite()[pri:0, instance:testcases.Can_Test@6f7fd0e6]" name="quite" is-config="true" duration-ms="1385" started-at="2018-12-07T15:59:00Z" finished-at="2018-12-07T15:59:01Z">
          <reporter-output>
          </reporter-output>
        </test-method> <!-- quite -->
      </class> <!-- testcases.Can_Test -->
    </test> <!-- Can Generation Test Cases -->
  </suite> <!-- com.qa.canGen Test Automation Test Suite -->
</testng-results>
